<?xml version="1.0" encoding="UTF-8"?>
<!-- Generated by org.testng.reporters.JUnitReportReporter -->
<testsuite hostname="DESKTOP-3SO37L3" failures="0" tests="9" name="com.openmrs.tests.LoginPageTest" time="5.577" errors="0" timestamp="18 Feb 2022 22:39:37 GMT" skipped="0">
  <testcase classname="com.openmrs.tests.LoginPageTest" name="verifyApplicationLogoTest" time="1.579"/>
  <testcase classname="com.openmrs.tests.LoginPageTest" name="validatePageTitleTest" time="0.051"/>
  <testcase classname="com.openmrs.tests.LoginPageTest" name="validateLocationsListTest" time="0.469"/>
  <testcase classname="com.openmrs.tests.LoginPageTest" name="verifyLoginButtonStatusTest" time="0.170"/>
  <testcase classname="com.openmrs.tests.LoginPageTest" name="verifyCantLoginLinkTest" time="0.075"/>
  <testcase classname="com.openmrs.tests.LoginPageTest" name="validateCantLoginMessageTest" time="0.452"/>
  <testcase classname="com.openmrs.tests.LoginPageTest" name="validateLoginWithoutLocationTest" time="0.438"/>
  <testcase classname="com.openmrs.tests.LoginPageTest" name="validateLoginOnlyWithLocationTest" time="1.103"/>
  <testcase classname="com.openmrs.tests.LoginPageTest" name="validateUserLoginTest" time="1.240"/>
</testsuite> <!-- com.openmrs.tests.LoginPageTest -->
