<?xml version="1.0" encoding="UTF-8"?>
<!-- Generated by org.testng.reporters.JUnitReportReporter -->
<testsuite hostname="DESKTOP-3SO37L3" failures="0" tests="2" name="com.openmrs.tests.RegisterPatientPageTest" time="15.122" errors="0" timestamp="18 Feb 2022 22:39:37 GMT" skipped="0">
  <testcase classname="com.openmrs.tests.RegisterPatientPageTest" name="registerNewPatientTest" time="8.180"/>
  <testcase classname="com.openmrs.tests.RegisterPatientPageTest" name="registerNewPatientTest" time="6.942"/>
</testsuite> <!-- com.openmrs.tests.RegisterPatientPageTest -->
