<?xml version="1.0" encoding="UTF-8"?>
<!-- Generated by org.testng.reporters.JUnitReportReporter -->
<testsuite hostname="DESKTOP-3SO37L3" failures="0" tests="5" name="com.openmrs.tests.AdminDashBoardPageTest" time="1.276" errors="0" timestamp="18 Feb 2022 22:39:37 GMT" skipped="0">
  <testcase classname="com.openmrs.tests.AdminDashBoardPageTest" name="validateAdminPageNameTest" time="0.035"/>
  <testcase classname="com.openmrs.tests.AdminDashBoardPageTest" name="verifyLocationLinkTest" time="0.065"/>
  <testcase classname="com.openmrs.tests.AdminDashBoardPageTest" name="validateAppsListTest" time="0.153"/>
  <testcase classname="com.openmrs.tests.AdminDashBoardPageTest" name="verifyLogoutLinkTest" time="0.097"/>
  <testcase classname="com.openmrs.tests.AdminDashBoardPageTest" name="verifyLogoutTest" time="0.926"/>
</testsuite> <!-- com.openmrs.tests.AdminDashBoardPageTest -->
