<?xml version="1.0" encoding="UTF-8"?>
<!-- Generated by org.testng.reporters.JUnitReportReporter -->
<testsuite hostname="DESKTOP-3SO37L3" failures="0" tests="4" name="com.openmrs.tests.FindPatientRecordPageTest" time="27.217" errors="0" timestamp="18 Feb 2022 22:39:37 GMT" skipped="0">
  <testcase classname="com.openmrs.tests.FindPatientRecordPageTest" name="validatePageNameTest" time="0.044"/>
  <testcase classname="com.openmrs.tests.FindPatientRecordPageTest" name="verifyPatientSearchStatusTest" time="0.046"/>
  <testcase classname="com.openmrs.tests.FindPatientRecordPageTest" name="searchPatientTest" time="22.429"/>
  <testcase classname="com.openmrs.tests.FindPatientRecordPageTest" name="goToPatientPageTest" time="4.698"/>
</testsuite> <!-- com.openmrs.tests.FindPatientRecordPageTest -->
