<?xml version="1.0" encoding="UTF-8"?>
<!-- Generated by org.testng.reporters.JUnitReportReporter -->
<testsuite hostname="DESKTOP-3SO37L3" failures="0" tests="2" name="com.openmrs.tests.PatientPageTest" time="0.229" errors="0" timestamp="18 Feb 2022 22:39:37 GMT" skipped="0">
  <testcase classname="com.openmrs.tests.PatientPageTest" name="verifyGActionsLinkTest" time="0.045"/>
  <testcase classname="com.openmrs.tests.PatientPageTest" name="validateGActionsListTest" time="0.184"/>
</testsuite> <!-- com.openmrs.tests.PatientPageTest -->
